  Main_P4.cpp
Main_P4.obj : error LNK2019: símbolo externo __imp_glewInit sin resolver al que se hace referencia en la función main
Main_P4.obj : error LNK2019: símbolo externo glfwInit sin resolver al que se hace referencia en la función main
Main_P4.obj : error LNK2019: símbolo externo glfwTerminate sin resolver al que se hace referencia en la función main
Main_P4.obj : error LNK2019: símbolo externo glfwWindowHint sin resolver al que se hace referencia en la función main
Main_P4.obj : error LNK2019: símbolo externo glfwCreateWindow sin resolver al que se hace referencia en la función main
Main_P4.obj : error LNK2019: símbolo externo glfwWindowShouldClose sin resolver al que se hace referencia en la función main
Main_P4.obj : error LNK2019: símbolo externo glfwGetFramebufferSize sin resolver al que se hace referencia en la función main
Main_P4.obj : error LNK2019: símbolo externo glfwPollEvents sin resolver al que se hace referencia en la función main
Main_P4.obj : error LNK2019: símbolo externo glfwGetKey sin resolver al que se hace referencia en la función "void __cdecl Inputs(struct GLFWwindow *)" (?Inputs@@YAXPEAUGLFWwindow@@@Z)
Main_P4.obj : error LNK2019: símbolo externo glfwMakeContextCurrent sin resolver al que se hace referencia en la función main
Main_P4.obj : error LNK2019: símbolo externo glfwSwapBuffers sin resolver al que se hace referencia en la función main
Main_P4.obj : error LNK2019: símbolo externo __imp___glewBindBuffer sin resolver al que se hace referencia en la función main
Main_P4.obj : error LNK2019: símbolo externo __imp___glewBufferData sin resolver al que se hace referencia en la función main
Main_P4.obj : error LNK2019: símbolo externo __imp___glewDeleteBuffers sin resolver al que se hace referencia en la función main
Main_P4.obj : error LNK2019: símbolo externo __imp___glewGenBuffers sin resolver al que se hace referencia en la función main
Main_P4.obj : error LNK2019: símbolo externo __imp___glewAttachShader sin resolver al que se hace referencia en la función "public: __cdecl Shader::Shader(char const *,char const *)" (??0Shader@@QEAA@PEBD0@Z)
Main_P4.obj : error LNK2019: símbolo externo __imp___glewCompileShader sin resolver al que se hace referencia en la función "public: __cdecl Shader::Shader(char const *,char const *)" (??0Shader@@QEAA@PEBD0@Z)
Main_P4.obj : error LNK2019: símbolo externo __imp___glewCreateProgram sin resolver al que se hace referencia en la función "public: __cdecl Shader::Shader(char const *,char const *)" (??0Shader@@QEAA@PEBD0@Z)
Main_P4.obj : error LNK2019: símbolo externo __imp___glewCreateShader sin resolver al que se hace referencia en la función "public: __cdecl Shader::Shader(char const *,char const *)" (??0Shader@@QEAA@PEBD0@Z)
Main_P4.obj : error LNK2019: símbolo externo __imp___glewDeleteShader sin resolver al que se hace referencia en la función "public: __cdecl Shader::Shader(char const *,char const *)" (??0Shader@@QEAA@PEBD0@Z)
Main_P4.obj : error LNK2019: símbolo externo __imp___glewEnableVertexAttribArray sin resolver al que se hace referencia en la función main
Main_P4.obj : error LNK2019: símbolo externo __imp___glewGetProgramInfoLog sin resolver al que se hace referencia en la función "public: __cdecl Shader::Shader(char const *,char const *)" (??0Shader@@QEAA@PEBD0@Z)
Main_P4.obj : error LNK2019: símbolo externo __imp___glewGetProgramiv sin resolver al que se hace referencia en la función "public: __cdecl Shader::Shader(char const *,char const *)" (??0Shader@@QEAA@PEBD0@Z)
Main_P4.obj : error LNK2019: símbolo externo __imp___glewGetShaderInfoLog sin resolver al que se hace referencia en la función "public: __cdecl Shader::Shader(char const *,char const *)" (??0Shader@@QEAA@PEBD0@Z)
Main_P4.obj : error LNK2019: símbolo externo __imp___glewGetShaderiv sin resolver al que se hace referencia en la función "public: __cdecl Shader::Shader(char const *,char const *)" (??0Shader@@QEAA@PEBD0@Z)
Main_P4.obj : error LNK2019: símbolo externo __imp___glewGetUniformLocation sin resolver al que se hace referencia en la función main
Main_P4.obj : error LNK2019: símbolo externo __imp___glewLinkProgram sin resolver al que se hace referencia en la función "public: __cdecl Shader::Shader(char const *,char const *)" (??0Shader@@QEAA@PEBD0@Z)
Main_P4.obj : error LNK2019: símbolo externo __imp___glewShaderSource sin resolver al que se hace referencia en la función "public: __cdecl Shader::Shader(char const *,char const *)" (??0Shader@@QEAA@PEBD0@Z)
Main_P4.obj : error LNK2019: símbolo externo __imp___glewUniform3fv sin resolver al que se hace referencia en la función main
Main_P4.obj : error LNK2019: símbolo externo __imp___glewUniformMatrix4fv sin resolver al que se hace referencia en la función main
Main_P4.obj : error LNK2019: símbolo externo __imp___glewUseProgram sin resolver al que se hace referencia en la función "public: void __cdecl Shader::Use(void)" (?Use@Shader@@QEAAXXZ)
Main_P4.obj : error LNK2019: símbolo externo __imp___glewVertexAttribPointer sin resolver al que se hace referencia en la función main
Main_P4.obj : error LNK2019: símbolo externo __imp___glewBindVertexArray sin resolver al que se hace referencia en la función main
Main_P4.obj : error LNK2019: símbolo externo __imp___glewDeleteVertexArrays sin resolver al que se hace referencia en la función main
Main_P4.obj : error LNK2019: símbolo externo __imp___glewGenVertexArrays sin resolver al que se hace referencia en la función main
Main_P4.obj : error LNK2019: símbolo externo __imp_glewExperimental sin resolver al que se hace referencia en la función main
D:\Yisus\Documentos\Semestre_2023-2\Projects-Compu\Practica4\\External Libraries\GLEW\lib\Release\Win32\glew32.lib : warning LNK4272: el tipo de máquina de biblioteca 'x86' está en conflicto con el tipo de máquina de destino 'x64'
D:\Yisus\Documentos\Semestre_2023-2\Projects-Compu\Practica4\\External Libraries\GLFW\lib-vc2015\glfw3.lib : warning LNK4272: el tipo de máquina de biblioteca 'x86' está en conflicto con el tipo de máquina de destino 'x64'
D:\Yisus\Documentos\Semestre_2023-2\Projects-Compu\Practica4\x64\Debug\Practica4.exe : fatal error LNK1120: 36 externos sin resolver
